  [1m[35m (1.3ms)[0m  [1m[34mSELECT sqlite_version(*)[0m
  [1m[35m (10.8ms)[0m  [1m[35mCREATE TABLE "schema_migrations" ("version" varchar NOT NULL PRIMARY KEY)[0m
  [1m[35m (10.2ms)[0m  [1m[35mCREATE TABLE "ar_internal_metadata" ("key" varchar NOT NULL PRIMARY KEY, "value" varchar, "created_at" datetime(6) NOT NULL, "updated_at" datetime(6) NOT NULL)[0m
  [1m[35m (0.1ms)[0m  [1m[34mSELECT "schema_migrations"."version" FROM "schema_migrations" ORDER BY "schema_migrations"."version" ASC[0m
Migrating to CreateUsers (20190922150217)
  [1m[35m (0.0ms)[0m  [1m[36mbegin transaction[0m
  [1m[35m (0.2ms)[0m  [1m[35mCREATE TABLE "users" ("id" integer PRIMARY KEY AUTOINCREMENT NOT NULL, "name" varchar, "email" varchar, "created_at" datetime(6) NOT NULL, "updated_at" datetime(6) NOT NULL)[0m
  [1m[36mprimary::SchemaMigration Create (0.1ms)[0m  [1m[32mINSERT INTO "schema_migrations" ("version") VALUES (?)[0m  [["version", "20190922150217"]]
  [1m[35m (10.2ms)[0m  [1m[36mcommit transaction[0m
  [1m[36mActiveRecord::InternalMetadata Load (0.1ms)[0m  [1m[34mSELECT "ar_internal_metadata".* FROM "ar_internal_metadata" WHERE "ar_internal_metadata"."key" = ? LIMIT ?[0m  [["key", "environment"], ["LIMIT", 1]]
  [1m[35m (0.0ms)[0m  [1m[36mbegin transaction[0m
  [1m[36mActiveRecord::InternalMetadata Create (0.2ms)[0m  [1m[32mINSERT INTO "ar_internal_metadata" ("key", "value", "created_at", "updated_at") VALUES (?, ?, ?, ?)[0m  [["key", "environment"], ["value", "development"], ["created_at", "2019-09-22 15:12:13.644932"], ["updated_at", "2019-09-22 15:12:13.644932"]]
  [1m[35m (8.7ms)[0m  [1m[36mcommit transaction[0m
  [1m[35m (0.3ms)[0m  [1m[34mSELECT sqlite_version(*)[0m
  [1m[35m (0.3ms)[0m  [1m[34mSELECT "schema_migrations"."version" FROM "schema_migrations" ORDER BY "schema_migrations"."version" ASC[0m
Started GET "/" for 127.0.0.1 at 2019-09-22 22:15:00 +0700
  [1m[35m (0.3ms)[0m  [1m[34mSELECT sqlite_version(*)[0m
  [1m[35m (0.1ms)[0m  [1m[34mSELECT "schema_migrations"."version" FROM "schema_migrations" ORDER BY "schema_migrations"."version" ASC[0m
Processing by ApplicationController#hello as HTML
  Rendering html template
  Rendered html template (Duration: 0.0ms | Allocations: 5)
Completed 200 OK in 12ms (Views: 6.9ms | ActiveRecord: 0.0ms | Allocations: 1813)


Started GET "/users" for 127.0.0.1 at 2019-09-22 22:15:49 +0700
Processing by UsersController#index as HTML
  Rendering users/index.html.erb within layouts/application
  [1m[36mUser Load (0.2ms)[0m  [1m[34mSELECT "users".* FROM "users"[0m
  ↳ app/views/users/index.html.erb:15
  Rendered users/index.html.erb within layouts/application (Duration: 5.6ms | Allocations: 1566)
[Webpacker] Compiling…
[Webpacker] Compiled all packs in /home/anh/toy_app/public/packs
Completed 200 OK in 3297ms (Views: 3292.0ms | ActiveRecord: 0.4ms | Allocations: 1274904)


Started GET "/users/new" for 127.0.0.1 at 2019-09-22 22:15:54 +0700
Processing by UsersController#new as HTML
  Rendering users/new.html.erb within layouts/application
  Rendered users/_form.html.erb (Duration: 9.3ms | Allocations: 5080)
  Rendered users/new.html.erb within layouts/application (Duration: 12.8ms | Allocations: 5439)
Completed 200 OK in 29ms (Views: 23.6ms | ActiveRecord: 0.4ms | Allocations: 13961)


Started POST "/users" for 127.0.0.1 at 2019-09-22 22:16:26 +0700
Processing by UsersController#create as HTML
  Parameters: {"authenticity_token"=>"AKQjHSI2/Sv/z9UG9Z6izlLeG0fgsp/A2qWxtH3CRe0F9OR/w2Ku4k29xeKgbWoMVM9N603baxfln1DNHoi4wg==", "user"=>{"name"=>"Nguyen A", "email"=>"abc@gmail.com"}, "commit"=>"Create User"}
  [1m[35m (0.1ms)[0m  [1m[36mbegin transaction[0m
  ↳ app/controllers/users_controller.rb:30:in `block in create'
  [1m[36mUser Create (0.3ms)[0m  [1m[32mINSERT INTO "users" ("name", "email", "created_at", "updated_at") VALUES (?, ?, ?, ?)[0m  [["name", "Nguyen A"], ["email", "abc@gmail.com"], ["created_at", "2019-09-22 15:16:26.372980"], ["updated_at", "2019-09-22 15:16:26.372980"]]
  ↳ app/controllers/users_controller.rb:30:in `block in create'
  [1m[35m (8.1ms)[0m  [1m[36mcommit transaction[0m
  ↳ app/controllers/users_controller.rb:30:in `block in create'
Redirected to http://localhost:3000/users/1
Completed 302 Found in 18ms (ActiveRecord: 8.5ms | Allocations: 3684)


Started GET "/users/1" for 127.0.0.1 at 2019-09-22 22:16:26 +0700
Processing by UsersController#show as HTML
  Parameters: {"id"=>"1"}
  [1m[36mUser Load (0.4ms)[0m  [1m[34mSELECT "users".* FROM "users" WHERE "users"."id" = ? LIMIT ?[0m  [["id", 1], ["LIMIT", 1]]
  ↳ app/controllers/users_controller.rb:67:in `set_user'
  Rendering users/show.html.erb within layouts/application
  Rendered users/show.html.erb within layouts/application (Duration: 1.0ms | Allocations: 277)
Completed 200 OK in 14ms (Views: 8.3ms | ActiveRecord: 0.4ms | Allocations: 6635)


Started GET "/users/1/edit" for 127.0.0.1 at 2019-09-22 22:16:29 +0700
Processing by UsersController#edit as HTML
  Parameters: {"id"=>"1"}
  [1m[36mUser Load (2.0ms)[0m  [1m[34mSELECT "users".* FROM "users" WHERE "users"."id" = ? LIMIT ?[0m  [["id", 1], ["LIMIT", 1]]
  ↳ app/controllers/users_controller.rb:67:in `set_user'
  Rendering users/edit.html.erb within layouts/application
  Rendered users/_form.html.erb (Duration: 2.9ms | Allocations: 781)
  Rendered users/edit.html.erb within layouts/application (Duration: 4.1ms | Allocations: 1034)
Completed 200 OK in 38ms (Views: 31.6ms | ActiveRecord: 2.0ms | Allocations: 6973)


Started GET "/users" for 127.0.0.1 at 2019-09-22 22:16:31 +0700
Processing by UsersController#index as HTML
  Rendering users/index.html.erb within layouts/application
  [1m[36mUser Load (0.2ms)[0m  [1m[34mSELECT "users".* FROM "users"[0m
  ↳ app/views/users/index.html.erb:15
  Rendered users/index.html.erb within layouts/application (Duration: 1.6ms | Allocations: 758)
Completed 200 OK in 8ms (Views: 7.5ms | ActiveRecord: 0.2ms | Allocations: 6046)


Started GET "/users/new" for 127.0.0.1 at 2019-09-22 22:16:34 +0700
Processing by UsersController#new as HTML
  Rendering users/new.html.erb within layouts/application
  Rendered users/_form.html.erb (Duration: 5.6ms | Allocations: 711)
  Rendered users/new.html.erb within layouts/application (Duration: 6.7ms | Allocations: 796)
Completed 200 OK in 27ms (Views: 24.3ms | ActiveRecord: 0.0ms | Allocations: 6083)


Started POST "/users" for 127.0.0.1 at 2019-09-22 22:16:51 +0700
Processing by UsersController#create as HTML
  Parameters: {"authenticity_token"=>"3rx0RiUEOB0XsH5OsbLgrVfkHeMVdimYdbTWkAtF5NXb7LMkxFBr1KXCbqrkQShvUfVLT7gf3U9KjjfpaA8Z+g==", "user"=>{"name"=>"Le B", "email"=>"bdf@gmail.com"}, "commit"=>"Create User"}
  [1m[35m (0.1ms)[0m  [1m[36mbegin transaction[0m
  ↳ app/controllers/users_controller.rb:30:in `block in create'
  [1m[36mUser Create (0.4ms)[0m  [1m[32mINSERT INTO "users" ("name", "email", "created_at", "updated_at") VALUES (?, ?, ?, ?)[0m  [["name", "Le B"], ["email", "bdf@gmail.com"], ["created_at", "2019-09-22 15:16:51.441981"], ["updated_at", "2019-09-22 15:16:51.441981"]]
  ↳ app/controllers/users_controller.rb:30:in `block in create'
  [1m[35m (7.6ms)[0m  [1m[36mcommit transaction[0m
  ↳ app/controllers/users_controller.rb:30:in `block in create'
Redirected to http://localhost:3000/users/2
Completed 302 Found in 18ms (ActiveRecord: 8.1ms | Allocations: 3425)


Started GET "/users/2" for 127.0.0.1 at 2019-09-22 22:16:51 +0700
Processing by UsersController#show as HTML
  Parameters: {"id"=>"2"}
  [1m[36mUser Load (0.4ms)[0m  [1m[34mSELECT "users".* FROM "users" WHERE "users"."id" = ? LIMIT ?[0m  [["id", 2], ["LIMIT", 1]]
  ↳ app/controllers/users_controller.rb:67:in `set_user'
  Rendering users/show.html.erb within layouts/application
  Rendered users/show.html.erb within layouts/application (Duration: 0.7ms | Allocations: 94)
Completed 200 OK in 14ms (Views: 9.3ms | ActiveRecord: 0.4ms | Allocations: 5883)


Started GET "/users" for 127.0.0.1 at 2019-09-22 22:16:57 +0700
Processing by UsersController#index as HTML
  Rendering users/index.html.erb within layouts/application
  [1m[36mUser Load (0.2ms)[0m  [1m[34mSELECT "users".* FROM "users"[0m
  ↳ app/views/users/index.html.erb:15
  Rendered users/index.html.erb within layouts/application (Duration: 3.3ms | Allocations: 856)
Completed 200 OK in 14ms (Views: 12.2ms | ActiveRecord: 0.2ms | Allocations: 6139)


Started GET "/users/1/edit" for 127.0.0.1 at 2019-09-22 22:17:21 +0700
Processing by UsersController#edit as HTML
  Parameters: {"id"=>"1"}
  [1m[36mUser Load (0.5ms)[0m  [1m[34mSELECT "users".* FROM "users" WHERE "users"."id" = ? LIMIT ?[0m  [["id", 1], ["LIMIT", 1]]
  ↳ app/controllers/users_controller.rb:67:in `set_user'
  Rendering users/edit.html.erb within layouts/application
  Rendered users/_form.html.erb (Duration: 7.2ms | Allocations: 752)
  Rendered users/edit.html.erb within layouts/application (Duration: 8.8ms | Allocations: 866)
Completed 200 OK in 29ms (Views: 22.2ms | ActiveRecord: 0.5ms | Allocations: 6649)


Started GET "/users" for 127.0.0.1 at 2019-09-22 22:17:23 +0700
Processing by UsersController#index as HTML
  Rendering users/index.html.erb within layouts/application
  [1m[36mUser Load (0.3ms)[0m  [1m[34mSELECT "users".* FROM "users"[0m
  ↳ app/views/users/index.html.erb:15
  Rendered users/index.html.erb within layouts/application (Duration: 4.4ms | Allocations: 856)
Completed 200 OK in 21ms (Views: 19.4ms | ActiveRecord: 0.3ms | Allocations: 6130)


  [1m[35m (0.3ms)[0m  [1m[34mSELECT sqlite_version(*)[0m
  [1m[35m (0.1ms)[0m  [1m[34mSELECT "schema_migrations"."version" FROM "schema_migrations" ORDER BY "schema_migrations"."version" ASC[0m
Migrating to CreateMicroposts (20190922152432)
  [1m[35m (0.0ms)[0m  [1m[36mbegin transaction[0m
  [1m[35m (0.2ms)[0m  [1m[35mCREATE TABLE "microposts" ("id" integer PRIMARY KEY AUTOINCREMENT NOT NULL, "content" text, "user_id" integer, "created_at" datetime(6) NOT NULL, "updated_at" datetime(6) NOT NULL)[0m
  [1m[36mprimary::SchemaMigration Create (0.1ms)[0m  [1m[32mINSERT INTO "schema_migrations" ("version") VALUES (?)[0m  [["version", "20190922152432"]]
  [1m[35m (9.4ms)[0m  [1m[36mcommit transaction[0m
  [1m[36mActiveRecord::InternalMetadata Load (0.2ms)[0m  [1m[34mSELECT "ar_internal_metadata".* FROM "ar_internal_metadata" WHERE "ar_internal_metadata"."key" = ? LIMIT ?[0m  [["key", "environment"], ["LIMIT", 1]]
  [1m[35m (0.1ms)[0m  [1m[34mSELECT sqlite_version(*)[0m
  [1m[35m (0.1ms)[0m  [1m[34mSELECT "schema_migrations"."version" FROM "schema_migrations" ORDER BY "schema_migrations"."version" ASC[0m
  [1m[35m (0.4ms)[0m  [1m[34mSELECT sqlite_version(*)[0m
  [1m[36mUser Load (0.1ms)[0m  [1m[34mSELECT "users".* FROM "users" ORDER BY "users"."id" ASC LIMIT ?[0m  [["LIMIT", 1]]
  [1m[36mMicropost Load (0.1ms)[0m  [1m[34mSELECT "microposts".* FROM "microposts" WHERE "microposts"."user_id" = ? LIMIT ?[0m  [["user_id", 1], ["LIMIT", 11]]
Started GET "/microposts" for 127.0.0.1 at 2019-09-22 22:27:49 +0700
  [1m[35m (0.1ms)[0m  [1m[34mSELECT sqlite_version(*)[0m
  [1m[35m (0.1ms)[0m  [1m[34mSELECT "schema_migrations"."version" FROM "schema_migrations" ORDER BY "schema_migrations"."version" ASC[0m
Processing by MicropostsController#index as HTML
  Rendering microposts/index.html.erb within layouts/application
  [1m[36mMicropost Load (0.2ms)[0m  [1m[34mSELECT "microposts".* FROM "microposts"[0m
  ↳ app/views/microposts/index.html.erb:15
  Rendered microposts/index.html.erb within layouts/application (Duration: 2.2ms | Allocations: 1276)
Completed 200 OK in 17ms (Views: 14.6ms | ActiveRecord: 0.4ms | Allocations: 13364)


Started GET "/microposts/new" for 127.0.0.1 at 2019-09-22 22:27:52 +0700
Processing by MicropostsController#new as HTML
  Rendering microposts/new.html.erb within layouts/application
  Rendered microposts/_form.html.erb (Duration: 4.3ms | Allocations: 1549)
  Rendered microposts/new.html.erb within layouts/application (Duration: 5.1ms | Allocations: 1895)
Completed 200 OK in 16ms (Views: 11.0ms | ActiveRecord: 0.4ms | Allocations: 11084)


Started POST "/microposts" for 127.0.0.1 at 2019-09-22 22:28:10 +0700
Processing by MicropostsController#create as HTML
  Parameters: {"authenticity_token"=>"14e+beeQTLV4MDb+BIH3vpjpK4Jw9BDG4zEkrU0mLLY/SW6dWILLo8bL4mL+9rEBV/5isu/kekiDXVZKL1a3hQ==", "micropost"=>{"content"=>"adssadasdsadsadsadsadsadsdsadsadsadsd", "user_id"=>"1"}, "commit"=>"Create Micropost"}
  [1m[35m (0.1ms)[0m  [1m[36mbegin transaction[0m
  ↳ app/controllers/microposts_controller.rb:30:in `block in create'
  [1m[36mUser Load (0.2ms)[0m  [1m[34mSELECT "users".* FROM "users" WHERE "users"."id" = ? LIMIT ?[0m  [["id", 1], ["LIMIT", 1]]
  ↳ app/controllers/microposts_controller.rb:30:in `block in create'
  [1m[36mMicropost Create (0.2ms)[0m  [1m[32mINSERT INTO "microposts" ("content", "user_id", "created_at", "updated_at") VALUES (?, ?, ?, ?)[0m  [["content", "adssadasdsadsadsadsadsadsdsadsadsadsd"], ["user_id", 1], ["created_at", "2019-09-22 15:28:10.496166"], ["updated_at", "2019-09-22 15:28:10.496166"]]
  ↳ app/controllers/microposts_controller.rb:30:in `block in create'
  [1m[35m (8.3ms)[0m  [1m[36mcommit transaction[0m
  ↳ app/controllers/microposts_controller.rb:30:in `block in create'
Redirected to http://localhost:3000/microposts/1
Completed 302 Found in 24ms (ActiveRecord: 8.8ms | Allocations: 10582)


Started GET "/microposts/1" for 127.0.0.1 at 2019-09-22 22:28:10 +0700
Processing by MicropostsController#show as HTML
  Parameters: {"id"=>"1"}
  [1m[36mMicropost Load (0.2ms)[0m  [1m[34mSELECT "microposts".* FROM "microposts" WHERE "microposts"."id" = ? LIMIT ?[0m  [["id", 1], ["LIMIT", 1]]
  ↳ app/controllers/microposts_controller.rb:67:in `set_micropost'
  Rendering microposts/show.html.erb within layouts/application
  Rendered microposts/show.html.erb within layouts/application (Duration: 0.5ms | Allocations: 276)
Completed 200 OK in 8ms (Views: 6.1ms | ActiveRecord: 0.2ms | Allocations: 7179)


Started GET "/microposts" for 127.0.0.1 at 2019-09-22 22:28:15 +0700
Processing by MicropostsController#index as HTML
  Rendering microposts/index.html.erb within layouts/application
  [1m[36mMicropost Load (0.2ms)[0m  [1m[34mSELECT "microposts".* FROM "microposts"[0m
  ↳ app/views/microposts/index.html.erb:15
  Rendered microposts/index.html.erb within layouts/application (Duration: 2.8ms | Allocations: 737)
Completed 200 OK in 13ms (Views: 11.4ms | ActiveRecord: 0.2ms | Allocations: 6867)


Started GET "/microposts/new" for 127.0.0.1 at 2019-09-22 22:28:36 +0700
Processing by MicropostsController#new as HTML
  Rendering microposts/new.html.erb within layouts/application
  Rendered microposts/_form.html.erb (Duration: 2.4ms | Allocations: 714)
  Rendered microposts/new.html.erb within layouts/application (Duration: 2.9ms | Allocations: 799)
Completed 200 OK in 16ms (Views: 14.6ms | ActiveRecord: 0.0ms | Allocations: 6937)


Started GET "/microposts" for 127.0.0.1 at 2019-09-22 22:28:37 +0700
Processing by MicropostsController#index as HTML
  Rendering microposts/index.html.erb within layouts/application
  [1m[36mMicropost Load (0.1ms)[0m  [1m[34mSELECT "microposts".* FROM "microposts"[0m
  ↳ app/views/microposts/index.html.erb:15
  Rendered microposts/index.html.erb within layouts/application (Duration: 1.5ms | Allocations: 734)
Completed 200 OK in 13ms (Views: 11.5ms | ActiveRecord: 0.1ms | Allocations: 6866)


Started DELETE "/microposts/1" for 127.0.0.1 at 2019-09-22 22:28:41 +0700
Processing by MicropostsController#destroy as HTML
  Parameters: {"authenticity_token"=>"NV2MJme7r1YPBtkGTCitCuj5XZAZKvMXOeQ3qmzH6dLjIAy4dhJJlcZ8aidauzRfzMf2BJwqe+mQSQ3TJTPVZg==", "id"=>"1"}
  [1m[36mMicropost Load (0.2ms)[0m  [1m[34mSELECT "microposts".* FROM "microposts" WHERE "microposts"."id" = ? LIMIT ?[0m  [["id", 1], ["LIMIT", 1]]
  ↳ app/controllers/microposts_controller.rb:67:in `set_micropost'
  [1m[35m (0.1ms)[0m  [1m[36mbegin transaction[0m
  ↳ app/controllers/microposts_controller.rb:57:in `destroy'
  [1m[36mMicropost Destroy (0.3ms)[0m  [1m[31mDELETE FROM "microposts" WHERE "microposts"."id" = ?[0m  [["id", 1]]
  ↳ app/controllers/microposts_controller.rb:57:in `destroy'
  [1m[35m (7.6ms)[0m  [1m[36mcommit transaction[0m
  ↳ app/controllers/microposts_controller.rb:57:in `destroy'
Redirected to http://localhost:3000/microposts
Completed 302 Found in 17ms (ActiveRecord: 8.1ms | Allocations: 3486)


Started GET "/microposts" for 127.0.0.1 at 2019-09-22 22:28:41 +0700
Processing by MicropostsController#index as HTML
  Rendering microposts/index.html.erb within layouts/application
  [1m[36mMicropost Load (0.3ms)[0m  [1m[34mSELECT "microposts".* FROM "microposts"[0m
  ↳ app/views/microposts/index.html.erb:15
  Rendered microposts/index.html.erb within layouts/application (Duration: 2.7ms | Allocations: 615)
Completed 200 OK in 18ms (Views: 16.1ms | ActiveRecord: 0.3ms | Allocations: 6758)


Started GET "/microposts/new" for 127.0.0.1 at 2019-09-22 22:28:43 +0700
Processing by MicropostsController#new as HTML
  Rendering microposts/new.html.erb within layouts/application
  Rendered microposts/_form.html.erb (Duration: 2.7ms | Allocations: 712)
  Rendered microposts/new.html.erb within layouts/application (Duration: 3.3ms | Allocations: 797)
Completed 200 OK in 15ms (Views: 13.1ms | ActiveRecord: 0.0ms | Allocations: 6935)


Started POST "/microposts" for 127.0.0.1 at 2019-09-22 22:28:49 +0700
Processing by MicropostsController#create as HTML
  Parameters: {"authenticity_token"=>"wCvhoByGnzyaVlp9MG9lcrLbLNC5UoaGyvgBUb51HSoo5TFQo5QYKiStjuHKGCPNfcxl4CZC7AiqlHO23AWGGQ==", "micropost"=>{"content"=>"first", "user_id"=>"1"}, "commit"=>"Create Micropost"}
  [1m[35m (0.2ms)[0m  [1m[36mbegin transaction[0m
  ↳ app/controllers/microposts_controller.rb:30:in `block in create'
  [1m[36mUser Load (0.4ms)[0m  [1m[34mSELECT "users".* FROM "users" WHERE "users"."id" = ? LIMIT ?[0m  [["id", 1], ["LIMIT", 1]]
  ↳ app/controllers/microposts_controller.rb:30:in `block in create'
  [1m[36mMicropost Create (0.9ms)[0m  [1m[32mINSERT INTO "microposts" ("content", "user_id", "created_at", "updated_at") VALUES (?, ?, ?, ?)[0m  [["content", "first"], ["user_id", 1], ["created_at", "2019-09-22 15:28:49.207845"], ["updated_at", "2019-09-22 15:28:49.207845"]]
  ↳ app/controllers/microposts_controller.rb:30:in `block in create'
  [1m[35m (8.0ms)[0m  [1m[36mcommit transaction[0m
  ↳ app/controllers/microposts_controller.rb:30:in `block in create'
Redirected to http://localhost:3000/microposts/2
Completed 302 Found in 25ms (ActiveRecord: 9.4ms | Allocations: 4549)


Started GET "/microposts/2" for 127.0.0.1 at 2019-09-22 22:28:49 +0700
Processing by MicropostsController#show as HTML
  Parameters: {"id"=>"2"}
  [1m[36mMicropost Load (0.1ms)[0m  [1m[34mSELECT "microposts".* FROM "microposts" WHERE "microposts"."id" = ? LIMIT ?[0m  [["id", 2], ["LIMIT", 1]]
  ↳ app/controllers/microposts_controller.rb:67:in `set_micropost'
  Rendering microposts/show.html.erb within layouts/application
  Rendered microposts/show.html.erb within layouts/application (Duration: 0.3ms | Allocations: 94)
Completed 200 OK in 8ms (Views: 6.2ms | ActiveRecord: 0.1ms | Allocations: 6735)


Started GET "/microposts" for 127.0.0.1 at 2019-09-22 22:28:50 +0700
Processing by MicropostsController#index as HTML
  Rendering microposts/index.html.erb within layouts/application
  [1m[36mMicropost Load (0.2ms)[0m  [1m[34mSELECT "microposts".* FROM "microposts"[0m
  ↳ app/views/microposts/index.html.erb:15
  Rendered microposts/index.html.erb within layouts/application (Duration: 2.3ms | Allocations: 733)
Completed 200 OK in 12ms (Views: 11.1ms | ActiveRecord: 0.2ms | Allocations: 6869)


Started GET "/microposts/new" for 127.0.0.1 at 2019-09-22 22:28:51 +0700
Processing by MicropostsController#new as HTML
  Rendering microposts/new.html.erb within layouts/application
  Rendered microposts/_form.html.erb (Duration: 6.0ms | Allocations: 712)
  Rendered microposts/new.html.erb within layouts/application (Duration: 7.1ms | Allocations: 797)
Completed 200 OK in 24ms (Views: 21.1ms | ActiveRecord: 0.0ms | Allocations: 6931)


Started POST "/microposts" for 127.0.0.1 at 2019-09-22 22:28:58 +0700
Processing by MicropostsController#create as HTML
  Parameters: {"authenticity_token"=>"+htVdDAa+fFFChYk/tysoEwYXI2CRf5yaKz3LrCOeFkS1YWEjwh+5/vxwrgEq+ofgw8VvR1VlPwIwIXJ0v7jag==", "micropost"=>{"content"=>"second", "user_id"=>"1"}, "commit"=>"Create Micropost"}
  [1m[35m (0.2ms)[0m  [1m[36mbegin transaction[0m
  ↳ app/controllers/microposts_controller.rb:30:in `block in create'
  [1m[36mUser Load (0.3ms)[0m  [1m[34mSELECT "users".* FROM "users" WHERE "users"."id" = ? LIMIT ?[0m  [["id", 1], ["LIMIT", 1]]
  ↳ app/controllers/microposts_controller.rb:30:in `block in create'
  [1m[36mMicropost Create (0.5ms)[0m  [1m[32mINSERT INTO "microposts" ("content", "user_id", "created_at", "updated_at") VALUES (?, ?, ?, ?)[0m  [["content", "second"], ["user_id", 1], ["created_at", "2019-09-22 15:28:58.252648"], ["updated_at", "2019-09-22 15:28:58.252648"]]
  ↳ app/controllers/microposts_controller.rb:30:in `block in create'
  [1m[35m (7.2ms)[0m  [1m[36mcommit transaction[0m
  ↳ app/controllers/microposts_controller.rb:30:in `block in create'
Redirected to http://localhost:3000/microposts/3
Completed 302 Found in 23ms (ActiveRecord: 8.2ms | Allocations: 4551)


Started GET "/microposts/3" for 127.0.0.1 at 2019-09-22 22:28:58 +0700
Processing by MicropostsController#show as HTML
  Parameters: {"id"=>"3"}
  [1m[36mMicropost Load (0.1ms)[0m  [1m[34mSELECT "microposts".* FROM "microposts" WHERE "microposts"."id" = ? LIMIT ?[0m  [["id", 3], ["LIMIT", 1]]
  ↳ app/controllers/microposts_controller.rb:67:in `set_micropost'
  Rendering microposts/show.html.erb within layouts/application
  Rendered microposts/show.html.erb within layouts/application (Duration: 0.2ms | Allocations: 94)
Completed 200 OK in 7ms (Views: 5.3ms | ActiveRecord: 0.1ms | Allocations: 6738)


Started GET "/microposts" for 127.0.0.1 at 2019-09-22 22:28:59 +0700
Processing by MicropostsController#index as HTML
  Rendering microposts/index.html.erb within layouts/application
  [1m[36mMicropost Load (0.3ms)[0m  [1m[34mSELECT "microposts".* FROM "microposts"[0m
  ↳ app/views/microposts/index.html.erb:15
  Rendered microposts/index.html.erb within layouts/application (Duration: 3.8ms | Allocations: 853)
Completed 200 OK in 16ms (Views: 13.4ms | ActiveRecord: 0.3ms | Allocations: 6982)


Started GET "/microposts/new" for 127.0.0.1 at 2019-09-22 22:29:02 +0700
Processing by MicropostsController#new as HTML
  Rendering microposts/new.html.erb within layouts/application
  Rendered microposts/_form.html.erb (Duration: 3.9ms | Allocations: 712)
  Rendered microposts/new.html.erb within layouts/application (Duration: 4.6ms | Allocations: 797)
Completed 200 OK in 15ms (Views: 13.6ms | ActiveRecord: 0.0ms | Allocations: 6929)


Started POST "/microposts" for 127.0.0.1 at 2019-09-22 22:29:12 +0700
Processing by MicropostsController#create as HTML
  Parameters: {"authenticity_token"=>"ygXkkXaFVM5crDg2TOMNfW7G/b6iZJ+fUl/qHYoNs0UiyzRhyZfT2OJX7Kq2lEvCodG0jj109REyM5j66H0odg==", "micropost"=>{"content"=>"third", "user_id"=>"2"}, "commit"=>"Create Micropost"}
  [1m[35m (0.2ms)[0m  [1m[36mbegin transaction[0m
  ↳ app/controllers/microposts_controller.rb:30:in `block in create'
  [1m[36mUser Load (0.3ms)[0m  [1m[34mSELECT "users".* FROM "users" WHERE "users"."id" = ? LIMIT ?[0m  [["id", 2], ["LIMIT", 1]]
  ↳ app/controllers/microposts_controller.rb:30:in `block in create'
  [1m[36mMicropost Create (0.4ms)[0m  [1m[32mINSERT INTO "microposts" ("content", "user_id", "created_at", "updated_at") VALUES (?, ?, ?, ?)[0m  [["content", "third"], ["user_id", 2], ["created_at", "2019-09-22 15:29:12.458036"], ["updated_at", "2019-09-22 15:29:12.458036"]]
  ↳ app/controllers/microposts_controller.rb:30:in `block in create'
  [1m[35m (7.5ms)[0m  [1m[36mcommit transaction[0m
  ↳ app/controllers/microposts_controller.rb:30:in `block in create'
Redirected to http://localhost:3000/microposts/4
Completed 302 Found in 21ms (ActiveRecord: 8.3ms | Allocations: 4548)


Started GET "/microposts/4" for 127.0.0.1 at 2019-09-22 22:29:12 +0700
Processing by MicropostsController#show as HTML
  Parameters: {"id"=>"4"}
  [1m[36mMicropost Load (0.1ms)[0m  [1m[34mSELECT "microposts".* FROM "microposts" WHERE "microposts"."id" = ? LIMIT ?[0m  [["id", 4], ["LIMIT", 1]]
  ↳ app/controllers/microposts_controller.rb:67:in `set_micropost'
  Rendering microposts/show.html.erb within layouts/application
  Rendered microposts/show.html.erb within layouts/application (Duration: 0.2ms | Allocations: 94)
Completed 200 OK in 7ms (Views: 5.4ms | ActiveRecord: 0.1ms | Allocations: 6739)


Started GET "/microposts" for 127.0.0.1 at 2019-09-22 22:29:13 +0700
Processing by MicropostsController#index as HTML
  Rendering microposts/index.html.erb within layouts/application
  [1m[36mMicropost Load (0.5ms)[0m  [1m[34mSELECT "microposts".* FROM "microposts"[0m
  ↳ app/views/microposts/index.html.erb:15
  Rendered microposts/index.html.erb within layouts/application (Duration: 5.5ms | Allocations: 973)
Completed 200 OK in 18ms (Views: 15.3ms | ActiveRecord: 0.5ms | Allocations: 7100)


Started GET "/users" for 127.0.0.1 at 2019-09-22 22:31:43 +0700
Processing by UsersController#index as HTML
  Rendering users/index.html.erb within layouts/application
  [1m[36mUser Load (0.2ms)[0m  [1m[34mSELECT "users".* FROM "users"[0m
  ↳ app/views/users/index.html.erb:15
  Rendered users/index.html.erb within layouts/application (Duration: 2.6ms | Allocations: 1193)
Completed 200 OK in 10ms (Views: 8.7ms | ActiveRecord: 0.2ms | Allocations: 7912)


Started GET "/users/new" for 127.0.0.1 at 2019-09-22 22:31:45 +0700
Processing by UsersController#new as HTML
  Rendering users/new.html.erb within layouts/application
  Rendered users/_form.html.erb (Duration: 2.8ms | Allocations: 1044)
  Rendered users/new.html.erb within layouts/application (Duration: 4.0ms | Allocations: 1380)
Completed 200 OK in 12ms (Views: 10.7ms | ActiveRecord: 0.0ms | Allocations: 7657)


Started POST "/users" for 127.0.0.1 at 2019-09-22 22:31:45 +0700
Processing by UsersController#create as HTML
  Parameters: {"authenticity_token"=>"fVn+B0Hw6Fe1q+NuXeP1ugzbQ3/uAfSwVqSKZkCF3YZ4CTlloKS7ngfZ84oIED14CsoV00NoAGdpnmsfI88gqQ==", "user"=>{"name"=>"", "email"=>""}, "commit"=>"Create User"}
  [1m[35m (0.1ms)[0m  [1m[36mbegin transaction[0m
  ↳ app/controllers/users_controller.rb:30:in `block in create'
  [1m[36mUser Create (0.3ms)[0m  [1m[32mINSERT INTO "users" ("name", "email", "created_at", "updated_at") VALUES (?, ?, ?, ?)[0m  [["name", ""], ["email", ""], ["created_at", "2019-09-22 15:31:45.849642"], ["updated_at", "2019-09-22 15:31:45.849642"]]
  ↳ app/controllers/users_controller.rb:30:in `block in create'
  [1m[35m (8.4ms)[0m  [1m[36mcommit transaction[0m
  ↳ app/controllers/users_controller.rb:30:in `block in create'
Redirected to http://localhost:3000/users/3
Completed 302 Found in 15ms (ActiveRecord: 8.8ms | Allocations: 3592)


Started GET "/users/3" for 127.0.0.1 at 2019-09-22 22:31:45 +0700
Processing by UsersController#show as HTML
  Parameters: {"id"=>"3"}
  [1m[36mUser Load (0.1ms)[0m  [1m[34mSELECT "users".* FROM "users" WHERE "users"."id" = ? LIMIT ?[0m  [["id", 3], ["LIMIT", 1]]
  ↳ app/controllers/users_controller.rb:67:in `set_user'
  Rendering users/show.html.erb within layouts/application
  Rendered users/show.html.erb within layouts/application (Duration: 0.5ms | Allocations: 270)
Completed 200 OK in 9ms (Views: 6.7ms | ActiveRecord: 0.1ms | Allocations: 7151)


Started GET "/users" for 127.0.0.1 at 2019-09-22 22:31:49 +0700
Processing by UsersController#index as HTML
  Rendering users/index.html.erb within layouts/application
  [1m[36mUser Load (0.2ms)[0m  [1m[34mSELECT "users".* FROM "users"[0m
  ↳ app/views/users/index.html.erb:15
  Rendered users/index.html.erb within layouts/application (Duration: 3.2ms | Allocations: 979)
Completed 200 OK in 15ms (Views: 13.2ms | ActiveRecord: 0.2ms | Allocations: 7107)


Started DELETE "/users/3" for 127.0.0.1 at 2019-09-22 22:31:52 +0700
Processing by UsersController#destroy as HTML
  Parameters: {"authenticity_token"=>"2kgq9qFs3v/ROqZk9kpNafnRX7gqBee4bGu2Xy4gttkMNaposMU4PBhAFUXg2dQ83e/0LK8Fb0bFxowmZ9SKbQ==", "id"=>"3"}
  [1m[36mUser Load (0.2ms)[0m  [1m[34mSELECT "users".* FROM "users" WHERE "users"."id" = ? LIMIT ?[0m  [["id", 3], ["LIMIT", 1]]
  ↳ app/controllers/users_controller.rb:67:in `set_user'
  [1m[35m (0.2ms)[0m  [1m[36mbegin transaction[0m
  ↳ app/controllers/users_controller.rb:57:in `destroy'
  [1m[36mUser Destroy (0.4ms)[0m  [1m[31mDELETE FROM "users" WHERE "users"."id" = ?[0m  [["id", 3]]
  ↳ app/controllers/users_controller.rb:57:in `destroy'
  [1m[35m (8.6ms)[0m  [1m[36mcommit transaction[0m
  ↳ app/controllers/users_controller.rb:57:in `destroy'
Redirected to http://localhost:3000/users
Completed 302 Found in 17ms (ActiveRecord: 9.5ms | Allocations: 3464)


Started GET "/users" for 127.0.0.1 at 2019-09-22 22:31:52 +0700
Processing by UsersController#index as HTML
  Rendering users/index.html.erb within layouts/application
  [1m[36mUser Load (0.1ms)[0m  [1m[34mSELECT "users".* FROM "users"[0m
  ↳ app/views/users/index.html.erb:15
  Rendered users/index.html.erb within layouts/application (Duration: 1.6ms | Allocations: 857)
Completed 200 OK in 8ms (Views: 6.9ms | ActiveRecord: 0.1ms | Allocations: 6997)


Started GET "/users" for 127.0.0.1 at 2019-09-22 22:32:38 +0700
  [1m[35m (0.1ms)[0m  [1m[34mSELECT sqlite_version(*)[0m
Processing by UsersController#index as HTML
Completed 500 Internal Server Error in 7ms (ActiveRecord: 0.0ms | Allocations: 3956)


  
NameError (uninitialized constant #<Class:0x00007f8822441b08>::FILL_IN):
  
app/models/user.rb:3:in `<class:User>'
app/models/user.rb:1:in `<main>'
app/controllers/users_controller.rb:7:in `index'
  [1m[36mMicropost Load (0.5ms)[0m  [1m[34mSELECT "microposts".* FROM "microposts" WHERE "microposts"."user_id" = ? LIMIT ?[0m  [["user_id", 1], ["LIMIT", 11]]
  [1m[36mMicropost Load (0.5ms)[0m  [1m[34mSELECT "microposts".* FROM "microposts" WHERE "microposts"."user_id" = ? ORDER BY "microposts"."id" ASC LIMIT ?[0m  [["user_id", 1], ["LIMIT", 1]]
Started GET "/microposts" for 127.0.0.1 at 2019-09-22 22:35:12 +0700
  [1m[35m (0.1ms)[0m  [1m[34mSELECT sqlite_version(*)[0m
Processing by MicropostsController#index as HTML
Completed 500 Internal Server Error in 1ms (ActiveRecord: 0.0ms | Allocations: 1163)


  
SyntaxError (/home/anh/toy_app/app/models/micropost.rb:4: syntax error, unexpected ':', expecting end
  presence: true
          ^):
  
app/models/micropost.rb:4: syntax error, unexpected ':', expecting end
app/models/micropost.rb:4: syntax error, unexpected ':', expecting end
app/models/micropost.rb:4: syntax error, unexpected ':', expecting end
app/controllers/microposts_controller.rb:7:in `index'
Started GET "/microposts" for 127.0.0.1 at 2019-09-22 22:35:54 +0700
  [1m[35m (0.1ms)[0m  [1m[34mSELECT sqlite_version(*)[0m
Processing by MicropostsController#index as HTML
  Rendering microposts/index.html.erb within layouts/application
  [1m[36mMicropost Load (0.2ms)[0m  [1m[34mSELECT "microposts".* FROM "microposts"[0m
  ↳ app/views/microposts/index.html.erb:15
  Rendered microposts/index.html.erb within layouts/application (Duration: 5.8ms | Allocations: 4345)
Completed 200 OK in 16ms (Views: 12.5ms | ActiveRecord: 0.6ms | Allocations: 11407)


Started GET "/microposts/new" for 127.0.0.1 at 2019-09-22 22:35:57 +0700
Processing by MicropostsController#new as HTML
  Rendering microposts/new.html.erb within layouts/application
  Rendered microposts/_form.html.erb (Duration: 3.5ms | Allocations: 732)
  Rendered microposts/new.html.erb within layouts/application (Duration: 4.2ms | Allocations: 817)
Completed 200 OK in 15ms (Views: 13.7ms | ActiveRecord: 0.0ms | Allocations: 6963)


Started POST "/microposts" for 127.0.0.1 at 2019-09-22 22:35:58 +0700
Processing by MicropostsController#create as HTML
  Parameters: {"authenticity_token"=>"FmAQiNC1Jl84uF4eKKv/E1tqlTAeEimtgQpeTB4rO2P+rsB4b6ehSYZDioLS3LmslH3cAIECQyPhZiyrfFugUA==", "micropost"=>{"content"=>"", "user_id"=>""}, "commit"=>"Create Micropost"}
  Rendering microposts/new.html.erb within layouts/application
  Rendered microposts/_form.html.erb (Duration: 1.4ms | Allocations: 1007)
  Rendered microposts/new.html.erb within layouts/application (Duration: 1.6ms | Allocations: 1092)
Completed 200 OK in 12ms (Views: 7.8ms | ActiveRecord: 0.0ms | Allocations: 9788)


Started GET "/users" for 127.0.0.1 at 2019-09-22 22:36:38 +0700
  [1m[35m (0.1ms)[0m  [1m[34mSELECT sqlite_version(*)[0m
Processing by UsersController#index as HTML
Completed 500 Internal Server Error in 6ms (ActiveRecord: 0.0ms | Allocations: 3960)


  
NameError (uninitialized constant #<Class:0x00007f882225ebd8>::FILL_IN):
  
app/models/user.rb:3:in `<class:User>'
app/models/user.rb:1:in `<main>'
app/controllers/users_controller.rb:7:in `index'
Started GET "/users" for 127.0.0.1 at 2019-09-22 22:38:17 +0700
  [1m[35m (0.1ms)[0m  [1m[34mSELECT sqlite_version(*)[0m
Processing by UsersController#index as HTML
Completed 500 Internal Server Error in 7ms (ActiveRecord: 0.0ms | Allocations: 3961)


  
NameError (uninitialized constant #<Class:0x00007f88224f88d0>::FILL_IN):
  
app/models/user.rb:3:in `<class:User>'
app/models/user.rb:1:in `<main>'
app/controllers/users_controller.rb:7:in `index'
Started GET "/users" for 127.0.0.1 at 2019-09-22 22:38:18 +0700
Processing by UsersController#index as HTML
  Rendering users/index.html.erb within layouts/application
  [1m[36mUser Load (0.2ms)[0m  [1m[34mSELECT "users".* FROM "users"[0m
  ↳ app/views/users/index.html.erb:15
  Rendered users/index.html.erb within layouts/application (Duration: 6.1ms | Allocations: 3726)
Completed 200 OK in 13ms (Views: 12.0ms | ActiveRecord: 0.5ms | Allocations: 10041)


Started GET "/users" for 127.0.0.1 at 2019-09-22 22:38:20 +0700
Processing by UsersController#index as HTML
  Rendering users/index.html.erb within layouts/application
  [1m[36mUser Load (0.1ms)[0m  [1m[34mSELECT "users".* FROM "users"[0m
  ↳ app/views/users/index.html.erb:15
  Rendered users/index.html.erb within layouts/application (Duration: 1.9ms | Allocations: 855)
Completed 200 OK in 10ms (Views: 8.5ms | ActiveRecord: 0.1ms | Allocations: 6988)


Started GET "/users" for 127.0.0.1 at 2019-09-22 22:38:21 +0700
Processing by UsersController#index as HTML
  Rendering users/index.html.erb within layouts/application
  [1m[36mUser Load (0.2ms)[0m  [1m[34mSELECT "users".* FROM "users"[0m
  ↳ app/views/users/index.html.erb:15
  Rendered users/index.html.erb within layouts/application (Duration: 1.9ms | Allocations: 855)
Completed 200 OK in 9ms (Views: 7.7ms | ActiveRecord: 0.2ms | Allocations: 6988)


Started GET "/users" for 127.0.0.1 at 2019-09-22 22:38:21 +0700
Processing by UsersController#index as HTML
  Rendering users/index.html.erb within layouts/application
  [1m[36mUser Load (0.1ms)[0m  [1m[34mSELECT "users".* FROM "users"[0m
  ↳ app/views/users/index.html.erb:15
  Rendered users/index.html.erb within layouts/application (Duration: 1.8ms | Allocations: 855)
Completed 200 OK in 9ms (Views: 8.0ms | ActiveRecord: 0.1ms | Allocations: 6987)


Started GET "/users" for 127.0.0.1 at 2019-09-22 22:38:22 +0700
Processing by UsersController#index as HTML
  Rendering users/index.html.erb within layouts/application
  [1m[36mUser Load (0.1ms)[0m  [1m[34mSELECT "users".* FROM "users"[0m
  ↳ app/views/users/index.html.erb:15
  Rendered users/index.html.erb within layouts/application (Duration: 1.6ms | Allocations: 855)
Completed 200 OK in 8ms (Views: 7.0ms | ActiveRecord: 0.1ms | Allocations: 6988)


Started GET "/users/new" for 127.0.0.1 at 2019-09-22 22:38:24 +0700
Processing by UsersController#new as HTML
  Rendering users/new.html.erb within layouts/application
  Rendered users/_form.html.erb (Duration: 1.9ms | Allocations: 716)
  Rendered users/new.html.erb within layouts/application (Duration: 2.3ms | Allocations: 801)
Completed 200 OK in 9ms (Views: 8.6ms | ActiveRecord: 0.0ms | Allocations: 6932)


Started POST "/users" for 127.0.0.1 at 2019-09-22 22:38:25 +0700
Processing by UsersController#create as HTML
  Parameters: {"authenticity_token"=>"6pHdellXCIBfVF7wQQWcuzTKk5J3gIZp8LZcicCgm9nvwRoYuANbSe0mThQU9lR5MtvFPtrpcr7PjL3wo+pm9g==", "user"=>{"name"=>"", "email"=>""}, "commit"=>"Create User"}
  [1m[35m (0.1ms)[0m  [1m[36mbegin transaction[0m
  ↳ app/controllers/users_controller.rb:30:in `block in create'
  [1m[36mUser Create (0.3ms)[0m  [1m[32mINSERT INTO "users" ("name", "email", "created_at", "updated_at") VALUES (?, ?, ?, ?)[0m  [["name", ""], ["email", ""], ["created_at", "2019-09-22 15:38:25.069803"], ["updated_at", "2019-09-22 15:38:25.069803"]]
  ↳ app/controllers/users_controller.rb:30:in `block in create'
  [1m[35m (8.0ms)[0m  [1m[36mcommit transaction[0m
  ↳ app/controllers/users_controller.rb:30:in `block in create'
Redirected to http://localhost:3000/users/4
Completed 302 Found in 14ms (ActiveRecord: 8.4ms | Allocations: 3600)


Started GET "/users/4" for 127.0.0.1 at 2019-09-22 22:38:25 +0700
Processing by UsersController#show as HTML
  Parameters: {"id"=>"4"}
  [1m[36mUser Load (0.2ms)[0m  [1m[34mSELECT "users".* FROM "users" WHERE "users"."id" = ? LIMIT ?[0m  [["id", 4], ["LIMIT", 1]]
  ↳ app/controllers/users_controller.rb:67:in `set_user'
  Rendering users/show.html.erb within layouts/application
  Rendered users/show.html.erb within layouts/application (Duration: 0.2ms | Allocations: 94)
Completed 200 OK in 8ms (Views: 6.1ms | ActiveRecord: 0.2ms | Allocations: 6850)


Started GET "/users" for 127.0.0.1 at 2019-09-22 22:38:27 +0700
Processing by UsersController#index as HTML
  Rendering users/index.html.erb within layouts/application
  [1m[36mUser Load (0.2ms)[0m  [1m[34mSELECT "users".* FROM "users"[0m
  ↳ app/views/users/index.html.erb:15
  Rendered users/index.html.erb within layouts/application (Duration: 2.4ms | Allocations: 976)
Completed 200 OK in 12ms (Views: 10.2ms | ActiveRecord: 0.2ms | Allocations: 7102)


Started DELETE "/users/4" for 127.0.0.1 at 2019-09-22 22:38:29 +0700
Processing by UsersController#destroy as HTML
  Parameters: {"authenticity_token"=>"WhuPEhp4VcwRUa9Aaapxv+v+gkb6Ke7FzZORU/kK0Z6MZg+MC9GzD9grHGF/Oejqz8Ap0n8pZjtkPqsqsP7tKg==", "id"=>"4"}
  [1m[36mUser Load (0.2ms)[0m  [1m[34mSELECT "users".* FROM "users" WHERE "users"."id" = ? LIMIT ?[0m  [["id", 4], ["LIMIT", 1]]
  ↳ app/controllers/users_controller.rb:67:in `set_user'
  [1m[35m (0.1ms)[0m  [1m[36mbegin transaction[0m
  ↳ app/controllers/users_controller.rb:57:in `destroy'
  [1m[36mUser Destroy (0.4ms)[0m  [1m[31mDELETE FROM "users" WHERE "users"."id" = ?[0m  [["id", 4]]
  ↳ app/controllers/users_controller.rb:57:in `destroy'
  [1m[35m (9.1ms)[0m  [1m[36mcommit transaction[0m
  ↳ app/controllers/users_controller.rb:57:in `destroy'
Redirected to http://localhost:3000/users
Completed 302 Found in 21ms (ActiveRecord: 9.9ms | Allocations: 3466)


Started GET "/users" for 127.0.0.1 at 2019-09-22 22:38:29 +0700
Processing by UsersController#index as HTML
  Rendering users/index.html.erb within layouts/application
  [1m[36mUser Load (0.3ms)[0m  [1m[34mSELECT "users".* FROM "users"[0m
  ↳ app/views/users/index.html.erb:15
  Rendered users/index.html.erb within layouts/application (Duration: 4.7ms | Allocations: 857)
Completed 200 OK in 19ms (Views: 17.3ms | ActiveRecord: 0.3ms | Allocations: 6999)


Started GET "/users" for 127.0.0.1 at 2019-09-22 22:38:34 +0700
  [1m[35m (0.1ms)[0m  [1m[34mSELECT sqlite_version(*)[0m
Processing by UsersController#index as HTML
Completed 500 Internal Server Error in 7ms (ActiveRecord: 0.0ms | Allocations: 4007)


  
NameError (uninitialized constant #<Class:0x00007f88222720c0>::FILL_IN):
  
app/models/user.rb:3:in `<class:User>'
app/models/user.rb:1:in `<main>'
app/controllers/users_controller.rb:7:in `index'
Started GET "/users" for 127.0.0.1 at 2019-09-22 22:41:22 +0700
  [1m[35m (0.1ms)[0m  [1m[34mSELECT sqlite_version(*)[0m
Processing by UsersController#index as HTML
  Rendering users/index.html.erb within layouts/application
  [1m[36mUser Load (0.2ms)[0m  [1m[34mSELECT "users".* FROM "users"[0m
  ↳ app/views/users/index.html.erb:15
  Rendered users/index.html.erb within layouts/application (Duration: 6.2ms | Allocations: 4186)
Completed 200 OK in 15ms (Views: 11.6ms | ActiveRecord: 0.7ms | Allocations: 11451)


Started GET "/users/new" for 127.0.0.1 at 2019-09-22 22:41:24 +0700
Processing by UsersController#new as HTML
  Rendering users/new.html.erb within layouts/application
  Rendered users/_form.html.erb (Duration: 1.2ms | Allocations: 716)
  Rendered users/new.html.erb within layouts/application (Duration: 1.5ms | Allocations: 801)
Completed 200 OK in 7ms (Views: 6.8ms | ActiveRecord: 0.0ms | Allocations: 6935)


Started POST "/users" for 127.0.0.1 at 2019-09-22 22:41:25 +0700
Processing by UsersController#create as HTML
  Parameters: {"authenticity_token"=>"5Jqz2Zh3iuhT/KGW9jMAS5yCu+alpwBoM1ldfFaZqbLhynS7eSPZIeGOsXKjwMiJmpPtSgjO9L8MY7wFNdNUnQ==", "user"=>{"name"=>"", "email"=>""}, "commit"=>"Create User"}
  Rendering users/new.html.erb within layouts/application
  Rendered users/_form.html.erb (Duration: 3.1ms | Allocations: 1001)
  Rendered users/new.html.erb within layouts/application (Duration: 3.6ms | Allocations: 1086)
Completed 200 OK in 17ms (Views: 11.4ms | ActiveRecord: 0.0ms | Allocations: 8475)


Started GET "/users" for 127.0.0.1 at 2019-09-22 22:45:56 +0700
Processing by UsersController#index as HTML
  Rendering users/index.html.erb within layouts/application
  [1m[36mUser Load (0.2ms)[0m  [1m[34mSELECT "users".* FROM "users"[0m
  ↳ app/views/users/index.html.erb:15
  Rendered users/index.html.erb within layouts/application (Duration: 2.5ms | Allocations: 1123)
Completed 200 OK in 12ms (Views: 11.2ms | ActiveRecord: 0.2ms | Allocations: 8192)


Started GET "/users/1" for 127.0.0.1 at 2019-09-22 22:46:04 +0700
Processing by UsersController#show as HTML
  Parameters: {"id"=>"1"}
  [1m[36mUser Load (0.2ms)[0m  [1m[34mSELECT "users".* FROM "users" WHERE "users"."id" = ? LIMIT ?[0m  [["id", 1], ["LIMIT", 1]]
  ↳ app/controllers/users_controller.rb:67:in `set_user'
  Rendering users/show.html.erb within layouts/application
  [1m[36mMicropost Load (0.1ms)[0m  [1m[34mSELECT "microposts".* FROM "microposts" WHERE "microposts"."user_id" = ?[0m  [["user_id", 1]]
  ↳ app/views/users/show.html.erb:16
  Rendered users/show.html.erb within layouts/application (Duration: 14.1ms | Allocations: 8602)
Completed 200 OK in 22ms (Views: 19.3ms | ActiveRecord: 0.8ms | Allocations: 15391)


Started GET "/users/1" for 127.0.0.1 at 2019-09-22 22:48:42 +0700
Processing by UsersController#show as HTML
  Parameters: {"id"=>"1"}
  [1m[36mUser Load (0.1ms)[0m  [1m[34mSELECT "users".* FROM "users" WHERE "users"."id" = ? LIMIT ?[0m  [["id", 1], ["LIMIT", 1]]
  ↳ app/controllers/users_controller.rb:67:in `set_user'
  Rendering users/show.html.erb within layouts/application
  [1m[36mMicropost Load (0.1ms)[0m  [1m[34mSELECT "microposts".* FROM "microposts" WHERE "microposts"."user_id" = ?[0m  [["user_id", 1]]
  ↳ app/views/users/show.html.erb:16
  Rendered users/show.html.erb within layouts/application (Duration: 1.8ms | Allocations: 1061)
Completed 200 OK in 12ms (Views: 10.5ms | ActiveRecord: 0.2ms | Allocations: 8620)


Started GET "/users/4" for 127.0.0.1 at 2019-09-22 22:48:45 +0700
Processing by UsersController#show as HTML
  Parameters: {"id"=>"4"}
  [1m[36mUser Load (0.3ms)[0m  [1m[34mSELECT "users".* FROM "users" WHERE "users"."id" = ? LIMIT ?[0m  [["id", 4], ["LIMIT", 1]]
  ↳ app/controllers/users_controller.rb:67:in `set_user'
Completed 404 Not Found in 5ms (ActiveRecord: 0.3ms | Allocations: 1104)


  
ActiveRecord::RecordNotFound (Couldn't find User with 'id'=4):
  
app/controllers/users_controller.rb:67:in `set_user'
Started GET "/users/new" for 127.0.0.1 at 2019-09-22 22:48:46 +0700
Processing by UsersController#new as HTML
  Rendering users/new.html.erb within layouts/application
  Rendered users/_form.html.erb (Duration: 5.0ms | Allocations: 1042)
  Rendered users/new.html.erb within layouts/application (Duration: 6.9ms | Allocations: 1384)
Completed 200 OK in 21ms (Views: 19.6ms | ActiveRecord: 0.0ms | Allocations: 7670)


Started GET "/users" for 127.0.0.1 at 2019-09-22 22:48:47 +0700
Processing by UsersController#index as HTML
  Rendering users/index.html.erb within layouts/application
  [1m[36mUser Load (0.1ms)[0m  [1m[34mSELECT "users".* FROM "users"[0m
  ↳ app/views/users/index.html.erb:15
  Rendered users/index.html.erb within layouts/application (Duration: 2.6ms | Allocations: 1119)
Completed 200 OK in 10ms (Views: 8.4ms | ActiveRecord: 0.1ms | Allocations: 7391)


Started GET "/microposts" for 127.0.0.1 at 2019-09-22 22:48:49 +0700
Processing by MicropostsController#index as HTML
  Rendering microposts/index.html.erb within layouts/application
  [1m[36mMicropost Load (0.2ms)[0m  [1m[34mSELECT "microposts".* FROM "microposts"[0m
  ↳ app/views/microposts/index.html.erb:15
  Rendered microposts/index.html.erb within layouts/application (Duration: 2.5ms | Allocations: 1307)
Completed 200 OK in 10ms (Views: 8.8ms | ActiveRecord: 0.2ms | Allocations: 8022)


Started GET "/microposts/3" for 127.0.0.1 at 2019-09-22 22:48:55 +0700
Processing by MicropostsController#show as HTML
  Parameters: {"id"=>"3"}
  [1m[36mMicropost Load (0.4ms)[0m  [1m[34mSELECT "microposts".* FROM "microposts" WHERE "microposts"."id" = ? LIMIT ?[0m  [["id", 3], ["LIMIT", 1]]
  ↳ app/controllers/microposts_controller.rb:67:in `set_micropost'
  Rendering microposts/show.html.erb within layouts/application
  [1m[36mUser Load (0.1ms)[0m  [1m[34mSELECT "users".* FROM "users" WHERE "users"."id" = ? LIMIT ?[0m  [["id", 1], ["LIMIT", 1]]
  ↳ app/views/microposts/show.html.erb:10
  Rendered microposts/show.html.erb within layouts/application (Duration: 2.4ms | Allocations: 796)
Completed 200 OK in 14ms (Views: 8.7ms | ActiveRecord: 0.5ms | Allocations: 7679)


Started GET "/microposts/4/edit" for 127.0.0.1 at 2019-09-22 22:49:00 +0700
Processing by MicropostsController#edit as HTML
  Parameters: {"id"=>"4"}
  [1m[36mMicropost Load (0.4ms)[0m  [1m[34mSELECT "microposts".* FROM "microposts" WHERE "microposts"."id" = ? LIMIT ?[0m  [["id", 4], ["LIMIT", 1]]
  ↳ app/controllers/microposts_controller.rb:67:in `set_micropost'
  Rendering microposts/edit.html.erb within layouts/application
  Rendered microposts/_form.html.erb (Duration: 7.9ms | Allocations: 1093)
  Rendered microposts/edit.html.erb within layouts/application (Duration: 11.0ms | Allocations: 1480)
Completed 200 OK in 29ms (Views: 22.9ms | ActiveRecord: 0.4ms | Allocations: 8249)


Started GET "/microposts/4/edit" for 127.0.0.1 at 2019-09-22 22:53:29 +0700
Processing by MicropostsController#edit as HTML
  Parameters: {"id"=>"4"}
  [1m[36mMicropost Load (0.2ms)[0m  [1m[34mSELECT "microposts".* FROM "microposts" WHERE "microposts"."id" = ? LIMIT ?[0m  [["id", 4], ["LIMIT", 1]]
  ↳ app/controllers/microposts_controller.rb:67:in `set_micropost'
  Rendering microposts/edit.html.erb within layouts/application
  Rendered microposts/_form.html.erb (Duration: 2.7ms | Allocations: 2226)
  Rendered microposts/edit.html.erb within layouts/application (Duration: 3.8ms | Allocations: 2565)
Completed 500 Internal Server Error in 9ms (ActiveRecord: 0.2ms | Allocations: 4256)


  
ActionView::Template::Error (undefined method `map' for nil:NilClass):
    18: 
    19:   <div class="field">
    20:     <%= form.label :user_id %>
    21:     <%= form.select :user_id, options_for_select(@users_name), include_blank: 'Nhap tai khoan' %>
    22:   </div>
    23: 
    24:   <div class="actions">
  
app/views/microposts/_form.html.erb:21
app/views/microposts/_form.html.erb:1
app/views/microposts/edit.html.erb:3
Started GET "/microposts/4/edit" for 127.0.0.1 at 2019-09-22 23:05:04 +0700
  [1m[35m (0.1ms)[0m  [1m[34mSELECT sqlite_version(*)[0m
Processing by MicropostsController#edit as HTML
  Parameters: {"id"=>"4"}
  [1m[36mMicropost Load (0.1ms)[0m  [1m[34mSELECT "microposts".* FROM "microposts" WHERE "microposts"."id" = ? LIMIT ?[0m  [["id", 4], ["LIMIT", 1]]
  ↳ app/controllers/microposts_controller.rb:67:in `set_micropost'
  Rendering microposts/edit.html.erb within layouts/application
  Rendered microposts/_form.html.erb (Duration: 2.4ms | Allocations: 2190)
  Rendered microposts/edit.html.erb within layouts/application (Duration: 3.1ms | Allocations: 2530)
Completed 500 Internal Server Error in 6ms (ActiveRecord: 0.1ms | Allocations: 4241)


  
ActionView::Template::Error (undefined method `name' for nil:NilClass):
    18: 
    19:   <div class="field">
    20:     <%= form.label :user_id %>
    21:     <%= form.select :user_id, options_for_select(@users.name), include_blank: 'Nhap tai khoan' %>
    22:   </div>
    23: 
    24:   <div class="actions">
  
app/views/microposts/_form.html.erb:21
app/views/microposts/_form.html.erb:1
app/views/microposts/edit.html.erb:3
Started GET "/microposts/4/edit" for 127.0.0.1 at 2019-09-22 23:05:24 +0700
Processing by MicropostsController#edit as HTML
  Parameters: {"id"=>"4"}
  [1m[36mMicropost Load (0.1ms)[0m  [1m[34mSELECT "microposts".* FROM "microposts" WHERE "microposts"."id" = ? LIMIT ?[0m  [["id", 4], ["LIMIT", 1]]
  ↳ app/controllers/microposts_controller.rb:67:in `set_micropost'
  Rendering microposts/edit.html.erb within layouts/application
  Rendered microposts/_form.html.erb (Duration: 2.4ms | Allocations: 2216)
  Rendered microposts/edit.html.erb within layouts/application (Duration: 3.1ms | Allocations: 2556)
Completed 500 Internal Server Error in 6ms (ActiveRecord: 0.1ms | Allocations: 4250)


  
ActionView::Template::Error (undefined method `map' for nil:NilClass):
    18: 
    19:   <div class="field">
    20:     <%= form.label :user_id %>
    21:     <%= form.select :user_id, options_for_select(@users_name), include_blank: 'Nhap tai khoan' %>
    22:   </div>
    23: 
    24:   <div class="actions">
  
app/views/microposts/_form.html.erb:21
app/views/microposts/_form.html.erb:1
app/views/microposts/edit.html.erb:3
Started GET "/microposts/4/edit" for 127.0.0.1 at 2019-09-22 23:06:13 +0700
Processing by MicropostsController#edit as HTML
  Parameters: {"id"=>"4"}
  [1m[36mMicropost Load (0.2ms)[0m  [1m[34mSELECT "microposts".* FROM "microposts" WHERE "microposts"."id" = ? LIMIT ?[0m  [["id", 4], ["LIMIT", 1]]
  ↳ app/controllers/microposts_controller.rb:67:in `set_micropost'
  Rendering microposts/edit.html.erb within layouts/application
  Rendered microposts/_form.html.erb (Duration: 2.5ms | Allocations: 2218)
  Rendered microposts/edit.html.erb within layouts/application (Duration: 3.5ms | Allocations: 2558)
Completed 500 Internal Server Error in 7ms (ActiveRecord: 0.2ms | Allocations: 4252)


  
ActionView::Template::Error (undefined method `map' for nil:NilClass):
    18: 
    19:   <div class="field">
    20:     <%= form.label :user_id %>
    21:     <%= form.select :user_id, options_for_select(@users_name), include_blank: 'Please choose user' %>
    22:     
    23:   </div>
    24: 
  
app/views/microposts/_form.html.erb:21
app/views/microposts/_form.html.erb:1
app/views/microposts/edit.html.erb:3
Started GET "/microposts/4/edit" for 127.0.0.1 at 2019-09-22 23:06:15 +0700
Processing by MicropostsController#edit as HTML
  Parameters: {"id"=>"4"}
  [1m[36mMicropost Load (0.4ms)[0m  [1m[34mSELECT "microposts".* FROM "microposts" WHERE "microposts"."id" = ? LIMIT ?[0m  [["id", 4], ["LIMIT", 1]]
  ↳ app/controllers/microposts_controller.rb:67:in `set_micropost'
  Rendering microposts/edit.html.erb within layouts/application
  Rendered microposts/_form.html.erb (Duration: 3.8ms | Allocations: 1885)
  Rendered microposts/edit.html.erb within layouts/application (Duration: 4.2ms | Allocations: 1952)
Completed 500 Internal Server Error in 12ms (ActiveRecord: 0.4ms | Allocations: 2901)


  
ActionView::Template::Error (undefined method `map' for nil:NilClass):
    18: 
    19:   <div class="field">
    20:     <%= form.label :user_id %>
    21:     <%= form.select :user_id, options_for_select(@users_name), include_blank: 'Please choose user' %>
    22:     
    23:   </div>
    24: 
  
app/views/microposts/_form.html.erb:21
app/views/microposts/_form.html.erb:1
app/views/microposts/edit.html.erb:3
Started GET "/microposts/4/edit" for 127.0.0.1 at 2019-09-22 23:10:16 +0700
Processing by MicropostsController#edit as HTML
  Parameters: {"id"=>"4"}
  [1m[36mMicropost Load (0.1ms)[0m  [1m[34mSELECT "microposts".* FROM "microposts" WHERE "microposts"."id" = ? LIMIT ?[0m  [["id", 4], ["LIMIT", 1]]
  ↳ app/controllers/microposts_controller.rb:67:in `set_micropost'
  Rendering microposts/edit.html.erb within layouts/application
  [1m[35m (0.2ms)[0m  [1m[34mSELECT "users"."name" FROM "users"[0m
  ↳ app/views/microposts/_form.html.erb:22
  Rendered microposts/_form.html.erb (Duration: 11.0ms | Allocations: 4345)
  Rendered microposts/edit.html.erb within layouts/application (Duration: 12.0ms | Allocations: 4735)
Completed 200 OK in 21ms (Views: 19.2ms | ActiveRecord: 0.3ms | Allocations: 12196)


